<?xml version="1.0" encoding="UTF-8"?>
<!-- Generated by org.testng.reporters.JUnitXMLReporter -->
<testsuite ignored="0" hostname="DESKTOP-9UDSS93" failures="0" tests="6" name="Default test" time="41.952" errors="0" timestamp="2025-06-03T01:29:52 IST">
  <testcase classname="tests.Testngtests" name="driverandurlsetup" time="16.119"/>
  <testcase classname="tests.Testngtests" name="AddingEmpTest" time="5.868"/>
  <testcase classname="tests.Testngtests" name="AddingEmpTest" time="4.845"/>
  <testcase classname="tests.Testngtests" name="AddingEmpTest" time="4.639"/>
  <testcase classname="tests.Testngtests" name="AddingEmpTest" time="4.121"/>
  <testcase classname="tests.Testngtests" name="AddingEmpTest" time="4.481"/>
</testsuite> <!-- Default test -->
