<?xml version="1.0" encoding="UTF-8"?>
<testng-results ignored="0" total="6" passed="6" failed="0" skipped="0">
  <reporter-output>
  </reporter-output>
  <suite started-at="2025-06-03T01:29:10 IST" name="Default suite" finished-at="2025-06-03T01:29:52 IST" duration-ms="41952">
    <groups>
    </groups>
    <test started-at="2025-06-03T01:29:10 IST" name="Default test" finished-at="2025-06-03T01:29:52 IST" duration-ms="41952">
      <class name="tests.Testngtests">
        <test-method signature="driverandurlsetup()[pri:0, instance:tests.Testngtests@4671115f]" started-at="2025-06-03T01:29:10 IST" name="driverandurlsetup" finished-at="2025-06-03T01:29:26 IST" duration-ms="16119" status="PASS">
          <reporter-output>
          </reporter-output>
        </test-method> <!-- driverandurlsetup -->
        <test-method signature="AddingEmpTest(java.lang.String,java.lang.String)[pri:0, instance:tests.Testngtests@4671115f]" started-at="2025-06-03T01:29:28 IST" name="AddingEmpTest" data-provider="Employee data" finished-at="2025-06-03T01:29:33 IST" depends-on-methods="tests.Testngtests.driverandurlsetup" duration-ms="5868" status="PASS">
          <params>
            <param index="0">
              <value>
                <![CDATA[John]]>
              </value>
            </param>
            <param index="1">
              <value>
                <![CDATA[Doe]]>
              </value>
            </param>
          </params>
          <reporter-output>
          </reporter-output>
        </test-method> <!-- AddingEmpTest -->
        <test-method signature="AddingEmpTest(java.lang.String,java.lang.String)[pri:0, instance:tests.Testngtests@4671115f]" started-at="2025-06-03T01:29:33 IST" name="AddingEmpTest" data-provider="Employee data" finished-at="2025-06-03T01:29:38 IST" depends-on-methods="tests.Testngtests.driverandurlsetup" duration-ms="4845" status="PASS">
          <params>
            <param index="0">
              <value>
                <![CDATA[Emily]]>
              </value>
            </param>
            <param index="1">
              <value>
                <![CDATA[Smith]]>
              </value>
            </param>
          </params>
          <reporter-output>
          </reporter-output>
        </test-method> <!-- AddingEmpTest -->
        <test-method signature="AddingEmpTest(java.lang.String,java.lang.String)[pri:0, instance:tests.Testngtests@4671115f]" started-at="2025-06-03T01:29:38 IST" name="AddingEmpTest" data-provider="Employee data" finished-at="2025-06-03T01:29:43 IST" depends-on-methods="tests.Testngtests.driverandurlsetup" duration-ms="4639" status="PASS">
          <params>
            <param index="0">
              <value>
                <![CDATA[Michael]]>
              </value>
            </param>
            <param index="1">
              <value>
                <![CDATA[Johnson]]>
              </value>
            </param>
          </params>
          <reporter-output>
          </reporter-output>
        </test-method> <!-- AddingEmpTest -->
        <test-method signature="AddingEmpTest(java.lang.String,java.lang.String)[pri:0, instance:tests.Testngtests@4671115f]" started-at="2025-06-03T01:29:43 IST" name="AddingEmpTest" data-provider="Employee data" finished-at="2025-06-03T01:29:47 IST" depends-on-methods="tests.Testngtests.driverandurlsetup" duration-ms="4121" status="PASS">
          <params>
            <param index="0">
              <value>
                <![CDATA[Sophia]]>
              </value>
            </param>
            <param index="1">
              <value>
                <![CDATA[Williams]]>
              </value>
            </param>
          </params>
          <reporter-output>
          </reporter-output>
        </test-method> <!-- AddingEmpTest -->
        <test-method signature="AddingEmpTest(java.lang.String,java.lang.String)[pri:0, instance:tests.Testngtests@4671115f]" started-at="2025-06-03T01:29:47 IST" name="AddingEmpTest" data-provider="Employee data" finished-at="2025-06-03T01:29:52 IST" depends-on-methods="tests.Testngtests.driverandurlsetup" duration-ms="4481" status="PASS">
          <params>
            <param index="0">
              <value>
                <![CDATA[David]]>
              </value>
            </param>
            <param index="1">
              <value>
                <![CDATA[Brown]]>
              </value>
            </param>
          </params>
          <reporter-output>
          </reporter-output>
        </test-method> <!-- AddingEmpTest -->
      </class> <!-- tests.Testngtests -->
    </test> <!-- Default test -->
  </suite> <!-- Default suite -->
</testng-results>
