<?xml version="1.0" encoding="UTF-8"?>
<testng-results ignored="0" total="1" passed="1" failed="0" skipped="0">
  <reporter-output>
  </reporter-output>
  <suite started-at="2025-04-05T12:32:19 IST" name="Default suite" finished-at="2025-04-05T12:33:07 IST" duration-ms="48689">
    <groups>
      <group name="cucumber">
        <method signature="AbstractTestNGCucumberTests.runScenario(io.cucumber.testng.PickleWrapper,io.cucumber.testng.FeatureWrapper)[pri:0, instance:cucumber.options.TestRunner@4716be8b]" name="runScenario" class="io.cucumber.testng.AbstractTestNGCucumberTests"/>
      </group> <!-- cucumber -->
    </groups>
    <test started-at="2025-04-05T12:32:19 IST" name="Default test" finished-at="2025-04-05T12:33:07 IST" duration-ms="48689">
      <class name="cucumber.options.TestRunner">
        <test-method is-config="true" signature="setUpClass(org.testng.ITestContext)[pri:0, instance:cucumber.options.TestRunner@4716be8b]" started-at="2025-04-05T12:32:19 IST" name="setUpClass" finished-at="2025-04-05T12:32:21 IST" duration-ms="2279" status="PASS">
          <params>
            <param index="0">
              <value>
                <![CDATA[org.testng.TestRunner@35f3a22c]]>
              </value>
            </param>
          </params>
          <reporter-output>
          </reporter-output>
        </test-method> <!-- setUpClass -->
        <test-method signature="runScenario(io.cucumber.testng.PickleWrapper,io.cucumber.testng.FeatureWrapper)[pri:0, instance:cucumber.options.TestRunner@4716be8b]" started-at="2025-04-05T12:32:21 IST" name="runScenario" description="Runs Cucumber Scenarios" data-provider="scenarios" finished-at="2025-04-05T12:33:07 IST" duration-ms="46046" status="PASS">
          <params>
            <param index="0">
              <value>
                <![CDATA["Login Validation and opening timesheet"]]>
              </value>
            </param>
            <param index="1">
              <value>
                <![CDATA["OrangeHRM Automation Scenarios"]]>
              </value>
            </param>
          </params>
          <reporter-output>
          </reporter-output>
        </test-method> <!-- runScenario -->
        <test-method is-config="true" signature="tearDownClass()[pri:0, instance:cucumber.options.TestRunner@4716be8b]" started-at="2025-04-05T12:33:07 IST" name="tearDownClass" finished-at="2025-04-05T12:33:07 IST" duration-ms="61" status="PASS">
          <reporter-output>
          </reporter-output>
        </test-method> <!-- tearDownClass -->
      </class> <!-- cucumber.options.TestRunner -->
    </test> <!-- Default test -->
  </suite> <!-- Default suite -->
</testng-results>
